<?xml version="1.0" encoding="UTF-8"?>
<!-- Generated by org.testng.reporters.JUnitReportReporter -->
<testsuite skipped="0" hostname="DESKTOP-3FO53C9" name="com.nopcommerce.Testcases.LoginPageTest" tests="1" failures="0" timestamp="2022-12-29T10:14:22 IST" time="11.702" errors="0">
  <testcase name="verifyUserlogin" time="11.702" classname="com.nopcommerce.Testcases.LoginPageTest"/>
  <system-out/>
</testsuite> <!-- com.nopcommerce.Testcases.LoginPageTest -->
